# JRE version: Java(TM) SE Runtime Environment (8.0_161-b12) (build 1.8.0_161-b12)
# Java VM: Java HotSpot(TM) 64-Bit Server VM (25.161-b12 mixed mode windows-amd64 compressed oops)
Heap:
 PSYoungGen      total 28672K, used 1031K [0x00000000e0800000, 0x00000000e4000000, 0x0000000100000000)
  eden space 24576K, 4% used [0x00000000e0800000,0x00000000e0901d28,0x00000000e2000000)
  from space 4096K, 0% used [0x00000000e2000000,0x00000000e2000000,0x00000000e2400000)
  to   space 4096K, 0% used [0x00000000e3c00000,0x00000000e3c00000,0x00000000e4000000)
 ParOldGen       total 45056K, used 5496K [0x00000000a1800000, 0x00000000a4400000, 0x00000000e0800000)
  object space 45056K, 12% used [0x00000000a1800000,0x00000000a1d5e370,0x00000000a4400000)
 Metaspace       used 18724K, capacity 19422K, committed 19712K, reserved 1067008K
  class space    used 2252K, capacity 2431K, committed 2560K, reserved 1048576K
GC Heap History (7 events):
Event: 1.326 GC heap before
{Heap before GC invocations=1 (full 0):
 PSYoungGen      total 28672K, used 24574K [0x00000000e0800000, 0x00000000e2800000, 0x0000000100000000)
  eden space 24576K, 99% used [0x00000000e0800000,0x00000000e1fffb58,0x00000000e2000000)
  from space 4096K, 0% used [0x00000000e2400000,0x00000000e2400000,0x00000000e2800000)
  to   space 4096K, 0% used [0x00000000e2000000,0x00000000e2000000,0x00000000e2400000)
 ParOldGen       total 65536K, used 0K [0x00000000a1800000, 0x00000000a5800000, 0x00000000e0800000)
  object space 65536K, 0% used [0x00000000a1800000,0x00000000a1800000,0x00000000a5800000)
 Metaspace       used 10808K, capacity 11162K, committed 11392K, reserved 1058816K
  class space    used 1268K, capacity 1374K, committed 1408K, reserved 1048576K
Event: 1.333 GC heap after
Heap after GC invocations=1 (full 0):
 PSYoungGen      total 28672K, used 4067K [0x00000000e0800000, 0x00000000e2800000, 0x0000000100000000)
  eden space 24576K, 0% used [0x00000000e0800000,0x00000000e0800000,0x00000000e2000000)
  from space 4096K, 99% used [0x00000000e2000000,0x00000000e23f8ec8,0x00000000e2400000)
  to   space 4096K, 0% used [0x00000000e2400000,0x00000000e2400000,0x00000000e2800000)
 ParOldGen       total 65536K, used 667K [0x00000000a1800000, 0x00000000a5800000, 0x00000000e0800000)
  object space 65536K, 1% used [0x00000000a1800000,0x00000000a18a6c70,0x00000000a5800000)
 Metaspace       used 10808K, capacity 11162K, committed 11392K, reserved 1058816K
  class space    used 1268K, capacity 1374K, committed 1408K, reserved 1048576K
}
Event: 2.131 GC heap before
{Heap before GC invocations=2 (full 0):
 PSYoungGen      total 28672K, used 28643K [0x00000000e0800000, 0x00000000e2800000, 0x0000000100000000)
  eden space 24576K, 100% used [0x00000000e0800000,0x00000000e2000000,0x00000000e2000000)
  from space 4096K, 99% used [0x00000000e2000000,0x00000000e23f8ec8,0x00000000e2400000)
  to   space 4096K, 0% used [0x00000000e2400000,0x00000000e2400000,0x00000000e2800000)
 ParOldGen       total 65536K, used 667K [0x00000000a1800000, 0x00000000a5800000, 0x00000000e0800000)
  object space 65536K, 1% used [0x00000000a1800000,0x00000000a18a6c70,0x00000000a5800000)
 Metaspace       used 15300K, capacity 15860K, committed 16128K, reserved 1062912K
  class space    used 1825K, capacity 1989K, committed 2048K, reserved 1048576K
Event: 2.143 GC heap after
Heap after GC invocations=2 (full 0):
 PSYoungGen      total 28672K, used 4064K [0x00000000e0800000, 0x00000000e4000000, 0x0000000100000000)
  eden space 24576K, 0% used [0x00000000e0800000,0x00000000e0800000,0x00000000e2000000)
  from space 4096K, 99% used [0x00000000e2400000,0x00000000e27f8240,0x00000000e2800000)
  to   space 4096K, 0% used [0x00000000e2000000,0x00000000e2000000,0x00000000e2400000)
 ParOldGen       total 65536K, used 3145K [0x00000000a1800000, 0x00000000a5800000, 0x00000000e0800000)
  object space 65536K, 4% used [0x00000000a1800000,0x00000000a1b125a0,0x00000000a5800000)
 Metaspace       used 15300K, capacity 15860K, committed 16128K, reserved 1062912K
  class space    used 1825K, capacity 1989K, committed 2048K, reserved 1048576K
}
Event: 2.379 GC heap before
{Heap before GC invocations=3 (full 0):
 PSYoungGen      total 28672K, used 9979K [0x00000000e0800000, 0x00000000e4000000, 0x0000000100000000)
  eden space 24576K, 24% used [0x00000000e0800000,0x00000000e0dc6c20,0x00000000e2000000)
  from space 4096K, 99% used [0x00000000e2400000,0x00000000e27f8240,0x00000000e2800000)
  to   space 4096K, 0% used [0x00000000e2000000,0x00000000e2000000,0x00000000e2400000)
 ParOldGen       total 65536K, used 3145K [0x00000000a1800000, 0x00000000a5800000, 0x00000000e0800000)
  object space 65536K, 4% used [0x00000000a1800000,0x00000000a1b125a0,0x00000000a5800000)
 Metaspace       used 17743K, capacity 18392K, committed 18560K, reserved 1069056K
  class space    used 2121K, capacity 2321K, committed 2432K, reserved 1048576K
Event: 2.386 GC heap after
Heap after GC invocations=3 (full 0):
 PSYoungGen      total 28672K, used 4080K [0x00000000e0800000, 0x00000000e4000000, 0x0000000100000000)
  eden space 24576K, 0% used [0x00000000e0800000,0x00000000e0800000,0x00000000e2000000)
  from space 4096K, 99% used [0x00000000e2000000,0x00000000e23fc250,0x00000000e2400000)
  to   space 4096K, 0% used [0x00000000e3c00000,0x00000000e3c00000,0x00000000e4000000)
 ParOldGen       total 65536K, used 4124K [0x00000000a1800000, 0x00000000a5800000, 0x00000000e0800000)
  object space 65536K, 6% used [0x00000000a1800000,0x00000000a1c07350,0x00000000a5800000)
 Metaspace       used 17743K, capacity 18392K, committed 18560K, reserved 1069056K
  class space    used 2121K, capacity 2321K, committed 2432K, reserved 1048576K
}
Event: 2.386 GC heap before
{Heap before GC invocations=4 (full 1):
 PSYoungGen      total 28672K, used 4080K [0x00000000e0800000, 0x00000000e4000000, 0x0000000100000000)
  eden space 24576K, 0% used [0x00000000e0800000,0x00000000e0800000,0x00000000e2000000)
  from space 4096K, 99% used [0x00000000e2000000,0x00000000e23fc250,0x00000000e2400000)
  to   space 4096K, 0% used [0x00000000e3c00000,0x00000000e3c00000,0x00000000e4000000)
 ParOldGen       total 65536K, used 4124K [0x00000000a1800000, 0x00000000a5800000, 0x00000000e0800000)
  object space 65536K, 6% used [0x00000000a1800000,0x00000000a1c07350,0x00000000a5800000)
 Metaspace       used 17743K, capacity 18392K, committed 18560K, reserved 1069056K
  class space    used 2121K, capacity 2321K, committed 2432K, reserved 1048576K

